<?xml version="1.0" encoding="UTF-8"?>
<!-- Generated by org.testng.reporters.JUnitXMLReporter -->
<testsuite hostname="Akkis-Mac.local" ignored="0" name="Test" tests="11" failures="0" timestamp="02 May 2021 21:50:20 GMT" time="180.618" errors="0">
  <testcase name="verifyHomePageTitleTest" time="0.107" classname="com.qa.amazon.tests.HomePageTest"/>
  <testcase name="verifyMobilePhonePageTitleTest" time="0.065" classname="com.qa.amazon.tests.MobilePhonePageTest"/>
  <testcase name="verifyApplePhonePageTitleTest" time="0.075" classname="com.qa.amazon.tests.ApplePhonePageTest"/>
  <testcase name="verifyShoppingCartPageTitleTest" time="1.082" classname="com.qa.amazon.tests.ShoppingCartPageTest"/>
  <testcase name="verifyShoppingCartCheckoutPagePageTitleTest" time="0.497" classname="com.qa.amazon.tests.ShoppingCartCheckoutPageTest"/>
  <testcase name="verifySearchButtonTest" time="8.066" classname="com.qa.amazon.tests.HomePageTest"/>
  <testcase name="verifyAppleCheckBoxTest" time="7.786" classname="com.qa.amazon.tests.MobilePhonePageTest"/>
  <testcase name="verifyAddToCart" time="3.259" classname="com.qa.amazon.tests.ApplePhonePageTest"/>
  <testcase name="verifyClickOnCart" time="3.697" classname="com.qa.amazon.tests.ShoppingCartPageTest"/>
  <testcase name="verifyCartItem" time="0.084" classname="com.qa.amazon.tests.ShoppingCartCheckoutPageTest"/>
  <testcase name="verifyApplePhoneClick" time="7.428" classname="com.qa.amazon.tests.MobilePhonePageTest"/>
</testsuite> <!-- Test -->
