<?xml version="1.0" encoding="UTF-8"?>
<!-- Generated by org.testng.reporters.JUnitXMLReporter -->
<testsuite hostname="Akkis-Mac.local" ignored="0" name="Test" tests="7" failures="0" timestamp="02 May 2021 17:02:17 GMT" time="148.785" errors="0">
  <testcase name="verifyHomePageTitleTest" time="0.4" classname="com.qa.amazon.tests.HomePageTest"/>
  <testcase name="verifyMobilePhonePageTitleTest" time="0.073" classname="com.qa.amazon.tests.MobilePhonePageTest"/>
  <testcase name="verifyApplePhonePageTitleTest" time="0.06" classname="com.qa.amazon.tests.ApplePhonePageTest"/>
  <testcase name="verifySearchButtonTest" time="5.106" classname="com.qa.amazon.tests.HomePageTest"/>
  <testcase name="verifyAppleCheckBoxTest" time="4.789" classname="com.qa.amazon.tests.MobilePhonePageTest"/>
  <testcase name="verifyAddToCart" time="8.129" classname="com.qa.amazon.tests.ApplePhonePageTest"/>
  <testcase name="verifyApplePhoneClick" time="6.122" classname="com.qa.amazon.tests.MobilePhonePageTest"/>
</testsuite> <!-- Test -->
